<?xml version="1.0" encoding="UTF-8"?>
<coverage generated="1522680971">
  <project timestamp="1522680971">
    <package name="Seeren\Router\Dispatcher">
      <file name="C:\xampp\htdocs\dev-master.seeren\router\src/Dispatcher/Dispatcher.php">
        <class name="Seeren\Router\Dispatcher\Dispatcher" namespace="Seeren\Router\Dispatcher" fullPackage="Router.Dispatcher" category="Seeren" package="Router" subpackage="Dispatcher">
          <metrics complexity="5" methods="2" coveredmethods="2" conditionals="0" coveredconditionals="0" statements="11" coveredstatements="11" elements="13" coveredelements="13"/>
        </class>
        <line num="44" type="method" name="__construct" visibility="public" complexity="1" crap="1" count="3"/>
        <line num="46" type="stmt" count="3"/>
        <line num="47" type="stmt" count="3"/>
        <line num="53" type="method" name="dispatch" visibility="public" complexity="4" crap="4" count="3"/>
        <line num="58" type="stmt" count="3"/>
        <line num="59" type="stmt" count="2"/>
        <line num="60" type="stmt" count="2"/>
        <line num="62" type="stmt" count="2"/>
        <line num="63" type="stmt" count="2"/>
        <line num="64" type="stmt" count="1"/>
        <line num="65" type="stmt" count="1"/>
        <line num="66" type="stmt" count="1"/>
        <line num="67" type="stmt" count="1"/>
        <metrics loc="71" ncloc="43" classes="1" methods="2" coveredmethods="2" conditionals="0" coveredconditionals="0" statements="11" coveredstatements="11" elements="13" coveredelements="13"/>
      </file>
    </package>
    <file name="C:\xampp\htdocs\dev-master.seeren\router\src/Dispatcher/DispatcherInterface.php">
      <metrics loc="46" ncloc="18" classes="0" methods="0" coveredmethods="0" conditionals="0" coveredconditionals="0" statements="0" coveredstatements="0" elements="0" coveredelements="0"/>
    </file>
    <package name="Seeren\Router\Exception">
      <file name="C:\xampp\htdocs\dev-master.seeren\router\src/Exception/DispatcherException.php">
        <class name="Seeren\Router\Exception\DispatcherException" namespace="Seeren\Router\Exception" fullPackage="Router.Exception" category="Seeren" package="Router" subpackage="Exception">
          <metrics complexity="1" methods="1" coveredmethods="1" conditionals="0" coveredconditionals="0" statements="2" coveredstatements="2" elements="3" coveredelements="3"/>
        </class>
        <line num="34" type="method" name="__construct" visibility="public" complexity="1" crap="1" count="1"/>
        <line num="39" type="stmt" count="1"/>
        <line num="40" type="stmt" count="1"/>
        <metrics loc="42" ncloc="19" classes="1" methods="1" coveredmethods="1" conditionals="0" coveredconditionals="0" statements="2" coveredstatements="2" elements="3" coveredelements="3"/>
      </file>
      <file name="C:\xampp\htdocs\dev-master.seeren\router\src/Exception/RouterException.php">
        <class name="Seeren\Router\Exception\RouterException" namespace="Seeren\Router\Exception" fullPackage="Router.Exception" category="Seeren" package="Router" subpackage="Exception">
          <metrics complexity="1" methods="1" coveredmethods="1" conditionals="0" coveredconditionals="0" statements="2" coveredstatements="2" elements="3" coveredelements="3"/>
        </class>
        <line num="34" type="method" name="__construct" visibility="public" complexity="1" crap="1" count="2"/>
        <line num="39" type="stmt" count="2"/>
        <line num="40" type="stmt" count="2"/>
        <metrics loc="42" ncloc="19" classes="1" methods="1" coveredmethods="1" conditionals="0" coveredconditionals="0" statements="2" coveredstatements="2" elements="3" coveredelements="3"/>
      </file>
    </package>
    <package name="Seeren\Router\Factory">
      <file name="C:\xampp\htdocs\dev-master.seeren\router\src/Factory/RouteFactory.php">
        <class name="Seeren\Router\Factory\RouteFactory" namespace="Seeren\Router\Factory" fullPackage="Router.Factory" category="Seeren" package="Router" subpackage="Factory">
          <metrics complexity="3" methods="2" coveredmethods="2" conditionals="0" coveredconditionals="0" statements="11" coveredstatements="11" elements="13" coveredelements="13"/>
        </class>
        <line num="40" type="method" name="__construct" visibility="public" complexity="1" crap="1" count="12"/>
        <line num="42" type="stmt" count="12"/>
        <line num="43" type="stmt" count="12"/>
        <line num="49" type="method" name="create" visibility="public" complexity="2" crap="2" count="9"/>
        <line num="57" type="stmt" count="9"/>
        <line num="58" type="stmt" count="9"/>
        <line num="59" type="stmt" count="9"/>
        <line num="60" type="stmt" count="7"/>
        <line num="61" type="stmt" count="7"/>
        <line num="62" type="stmt" count="7"/>
        <line num="63" type="stmt" count="2"/>
        <line num="64" type="stmt" count="2"/>
        <line num="65" type="stmt" count="2"/>
        <metrics loc="69" ncloc="41" classes="1" methods="2" coveredmethods="2" conditionals="0" coveredconditionals="0" statements="11" coveredstatements="11" elements="13" coveredelements="13"/>
      </file>
    </package>
    <file name="C:\xampp\htdocs\dev-master.seeren\router\src/Factory/RouteFactoryInterface.php">
      <metrics loc="48" ncloc="18" classes="0" methods="0" coveredmethods="0" conditionals="0" coveredconditionals="0" statements="0" coveredstatements="0" elements="0" coveredelements="0"/>
    </file>
    <package name="Seeren\Router\Matcher">
      <file name="C:\xampp\htdocs\dev-master.seeren\router\src/Matcher/Matcher.php">
        <class name="Seeren\Router\Matcher\Matcher" namespace="Seeren\Router\Matcher" fullPackage="Router.Matcher" category="Essentiel" package="Router" subpackage="Matcher">
          <metrics complexity="13" methods="3" coveredmethods="3" conditionals="0" coveredconditionals="0" statements="30" coveredstatements="30" elements="33" coveredelements="33"/>
        </class>
        <line num="35" type="method" name="match" visibility="public" complexity="3" crap="3" count="4"/>
        <line num="39" type="stmt" count="4"/>
        <line num="40" type="stmt" count="4"/>
        <line num="41" type="stmt" count="4"/>
        <line num="42" type="stmt" count="4"/>
        <line num="44" type="stmt" count="1"/>
        <line num="52" type="method" name="matchAction" visibility="private" complexity="3" crap="3" count="5"/>
        <line num="56" type="stmt" count="5"/>
        <line num="57" type="stmt" count="5"/>
        <line num="58" type="stmt" count="1"/>
        <line num="59" type="stmt" count="5"/>
        <line num="60" type="stmt" count="5"/>
        <line num="61" type="stmt" count="5"/>
        <line num="62" type="stmt" count="5"/>
        <line num="64" type="stmt" count="1"/>
        <line num="72" type="method" name="matchPath" visibility="private" complexity="7" crap="7" count="5"/>
        <line num="76" type="stmt" count="5"/>
        <line num="77" type="stmt" count="5"/>
        <line num="78" type="stmt" count="5"/>
        <line num="80" type="stmt" count="5"/>
        <line num="81" type="stmt" count="5"/>
        <line num="82" type="stmt" count="2"/>
        <line num="84" type="stmt" count="5"/>
        <line num="85" type="stmt" count="5"/>
        <line num="86" type="stmt" count="5"/>
        <line num="88" type="stmt" count="5"/>
        <line num="89" type="stmt" count="5"/>
        <line num="90" type="stmt" count="5"/>
        <line num="91" type="stmt" count="5"/>
        <line num="92" type="stmt" count="5"/>
        <line num="93" type="stmt" count="1"/>
        <line num="95" type="stmt" count="5"/>
        <line num="97" type="stmt" count="5"/>
        <metrics loc="100" ncloc="68" classes="1" methods="3" coveredmethods="3" conditionals="0" coveredconditionals="0" statements="30" coveredstatements="30" elements="33" coveredelements="33"/>
      </file>
    </package>
    <file name="C:\xampp\htdocs\dev-master.seeren\router\src/Matcher/MatcherInterface.php">
      <metrics loc="41" ncloc="16" classes="0" methods="0" coveredmethods="0" conditionals="0" coveredconditionals="0" statements="0" coveredstatements="0" elements="0" coveredelements="0"/>
    </file>
    <package name="Seeren\Router\Route">
      <file name="C:\xampp\htdocs\dev-master.seeren\router\src/Route/Route.php">
        <class name="Seeren\Router\Route\Route" namespace="Seeren\Router\Route" fullPackage="Router.Route" category="Seeren" package="Router" subpackage="Route">
          <metrics complexity="16" methods="13" coveredmethods="13" conditionals="0" coveredconditionals="0" statements="37" coveredstatements="37" elements="50" coveredelements="50"/>
        </class>
        <line num="59" type="method" name="__construct" visibility="public" complexity="1" crap="1" count="25"/>
        <line num="61" type="stmt" count="25"/>
        <line num="62" type="stmt" count="25"/>
        <line num="63" type="stmt" count="25"/>
        <line num="69" type="method" name="clone" visibility="public" complexity="1" crap="1" count="10"/>
        <line num="71" type="stmt" count="10"/>
        <line num="78" type="method" name="getAction" visibility="public" complexity="1" crap="1" count="6"/>
        <line num="80" type="stmt" count="6"/>
        <line num="87" type="method" name="setAction" visibility="public" complexity="1" crap="1" count="13"/>
        <line num="89" type="stmt" count="13"/>
        <line num="90" type="stmt" count="13"/>
        <line num="97" type="method" name="getPrefix" visibility="public" complexity="1" crap="1" count="1"/>
        <line num="99" type="stmt" count="1"/>
        <line num="106" type="method" name="setPrefix" visibility="public" complexity="2" crap="2" count="12"/>
        <line num="108" type="stmt" count="12"/>
        <line num="109" type="stmt" count="12"/>
        <line num="110" type="stmt" count="12"/>
        <line num="111" type="stmt" count="3"/>
        <line num="112" type="stmt" count="3"/>
        <line num="114" type="stmt" count="9"/>
        <line num="115" type="stmt" count="9"/>
        <line num="122" type="method" name="getController" visibility="public" complexity="1" crap="1" count="1"/>
        <line num="124" type="stmt" count="1"/>
        <line num="131" type="method" name="setController" visibility="public" complexity="2" crap="2" count="10"/>
        <line num="133" type="stmt" count="10"/>
        <line num="134" type="stmt" count="10"/>
        <line num="135" type="stmt" count="10"/>
        <line num="136" type="stmt" count="1"/>
        <line num="138" type="stmt" count="1"/>
        <line num="140" type="stmt" count="9"/>
        <line num="141" type="stmt" count="9"/>
        <line num="148" type="method" name="getParam" visibility="public" complexity="1" crap="1" count="6"/>
        <line num="150" type="stmt" count="6"/>
        <line num="157" type="method" name="setParam" visibility="public" complexity="1" crap="1" count="11"/>
        <line num="159" type="stmt" count="11"/>
        <line num="160" type="stmt" count="11"/>
        <line num="167" type="method" name="getPath" visibility="public" complexity="1" crap="1" count="6"/>
        <line num="169" type="stmt" count="6"/>
        <line num="176" type="method" name="setPath" visibility="public" complexity="2" crap="2" count="12"/>
        <line num="178" type="stmt" count="12"/>
        <line num="179" type="stmt" count="1"/>
        <line num="180" type="stmt" count="1"/>
        <line num="183" type="stmt" count="11"/>
        <line num="184" type="stmt" count="11"/>
        <line num="191" type="method" name="__toString" visibility="public" complexity="1" crap="1" count="3"/>
        <line num="193" type="stmt" count="3"/>
        <line num="194" type="stmt" count="3"/>
        <line num="195" type="stmt" count="3"/>
        <line num="196" type="stmt" count="3"/>
        <line num="197" type="stmt" count="3"/>
        <metrics loc="201" ncloc="117" classes="1" methods="13" coveredmethods="13" conditionals="0" coveredconditionals="0" statements="37" coveredstatements="37" elements="50" coveredelements="50"/>
      </file>
    </package>
    <file name="C:\xampp\htdocs\dev-master.seeren\router\src/Route/RouteInterface.php">
      <metrics loc="148" ncloc="40" classes="0" methods="0" coveredmethods="0" conditionals="0" coveredconditionals="0" statements="0" coveredstatements="0" elements="0" coveredelements="0"/>
    </file>
    <package name="Seeren\Router">
      <file name="C:\xampp\htdocs\dev-master.seeren\router\src/Router.php">
        <class name="Seeren\Router\Router" namespace="Seeren\Router" fullPackage="Router" category="Seeren" package="Router">
          <metrics complexity="10" methods="5" coveredmethods="5" conditionals="0" coveredconditionals="0" statements="32" coveredstatements="32" elements="37" coveredelements="37"/>
        </class>
        <line num="57" type="method" name="__construct" visibility="public" complexity="1" crap="1" count="10"/>
        <line num="61" type="stmt" count="10"/>
        <line num="62" type="stmt" count="10"/>
        <line num="63" type="stmt" count="10"/>
        <line num="64" type="stmt" count="10"/>
        <line num="70" type="method" name="create" visibility="public" complexity="2" crap="2" count="7"/>
        <line num="78" type="stmt" count="7"/>
        <line num="79" type="stmt" count="7"/>
        <line num="80" type="stmt" count="7"/>
        <line num="81" type="stmt" count="7"/>
        <line num="82" type="stmt" count="7"/>
        <line num="83" type="stmt" count="7"/>
        <line num="84" type="stmt" count="1"/>
        <line num="85" type="stmt" count="1"/>
        <line num="93" type="method" name="add" visibility="public" complexity="1" crap="1" count="5"/>
        <line num="95" type="stmt" count="5"/>
        <line num="96" type="stmt" count="5"/>
        <line num="103" type="method" name="match" visibility="public" complexity="3" crap="3" count="5"/>
        <line num="105" type="stmt" count="5"/>
        <line num="106" type="stmt" count="3"/>
        <line num="107" type="stmt" count="3"/>
        <line num="110" type="stmt" count="2"/>
        <line num="112" type="stmt" count="2"/>
        <line num="113" type="stmt" count="2"/>
        <line num="120" type="method" name="import" visibility="public" complexity="3" crap="3" count="2"/>
        <line num="122" type="stmt" count="2"/>
        <line num="123" type="stmt" count="1"/>
        <line num="124" type="stmt" count="1"/>
        <line num="125" type="stmt" count="1"/>
        <line num="126" type="stmt" count="1"/>
        <line num="127" type="stmt" count="1"/>
        <line num="128" type="stmt" count="1"/>
        <line num="129" type="stmt" count="1"/>
        <line num="130" type="stmt" count="1"/>
        <line num="132" type="stmt" count="1"/>
        <line num="134" type="stmt" count="1"/>
        <line num="135" type="stmt" count="1"/>
        <metrics loc="139" ncloc="91" classes="1" methods="5" coveredmethods="5" conditionals="0" coveredconditionals="0" statements="32" coveredstatements="32" elements="37" coveredelements="37"/>
      </file>
    </package>
    <file name="C:\xampp\htdocs\dev-master.seeren\router\src/RouterInterface.php">
      <metrics loc="61" ncloc="22" classes="0" methods="0" coveredmethods="0" conditionals="0" coveredconditionals="0" statements="0" coveredstatements="0" elements="0" coveredelements="0"/>
    </file>
    <metrics files="12" loc="1008" ncloc="512" classes="7" methods="27" coveredmethods="27" conditionals="0" coveredconditionals="0" statements="125" coveredstatements="125" elements="152" coveredelements="152"/>
  </project>
</coverage>
