<?xml version="1.0" encoding="UTF-8"?>
<coverage generated="1501946289">
  <project timestamp="1501946289">
    <package name="Seeren\Router\Dispatcher">
      <file name="C:\xampp\htdocs\seeren-dev-master\router\src/Dispatcher/Dispatcher.php">
        <class name="Dispatcher" namespace="Seeren\Router\Dispatcher" fullPackage="Router.Dispatcher" category="Seeren" package="Router" subpackage="Dispatcher">
          <metrics complexity="5" methods="2" coveredmethods="2" conditionals="0" coveredconditionals="0" statements="11" coveredstatements="11" elements="13" coveredelements="13"/>
        </class>
        <line num="48" type="method" name="__construct" visibility="public" complexity="1" crap="1" count="3"/>
        <line num="50" type="stmt" count="3"/>
        <line num="51" type="stmt" count="3"/>
        <line num="63" type="method" name="dispatch" visibility="public" complexity="4" crap="4" count="3"/>
        <line num="68" type="stmt" count="3"/>
        <line num="69" type="stmt" count="2"/>
        <line num="70" type="stmt" count="2"/>
        <line num="72" type="stmt" count="2"/>
        <line num="73" type="stmt" count="2"/>
        <line num="74" type="stmt" count="1"/>
        <line num="75" type="stmt" count="1"/>
        <line num="76" type="stmt" count="1"/>
        <line num="77" type="stmt" count="1"/>
        <metrics loc="81" ncloc="43" classes="1" methods="2" coveredmethods="2" conditionals="0" coveredconditionals="0" statements="11" coveredstatements="11" elements="13" coveredelements="13"/>
      </file>
    </package>
    <file name="C:\xampp\htdocs\seeren-dev-master\router\src/Dispatcher/DispatcherInterface.php">
      <metrics loc="46" ncloc="17" classes="0" methods="0" coveredmethods="0" conditionals="0" coveredconditionals="0" statements="0" coveredstatements="0" elements="0" coveredelements="0"/>
    </file>
    <package name="Seeren\Router\Exception">
      <file name="C:\xampp\htdocs\seeren-dev-master\router\src/Exception/DispatcherException.php">
        <class name="DispatcherException" namespace="Seeren\Router\Exception" fullPackage="Router.Exception" category="Seeren" package="Router" subpackage="Exception">
          <metrics complexity="1" methods="1" coveredmethods="1" conditionals="0" coveredconditionals="0" statements="2" coveredstatements="2" elements="3" coveredelements="3"/>
        </class>
        <line num="38" type="method" name="__construct" visibility="public" complexity="1" crap="1" count="1"/>
        <line num="43" type="stmt" count="1"/>
        <line num="44" type="stmt" count="1"/>
        <metrics loc="46" ncloc="19" classes="1" methods="1" coveredmethods="1" conditionals="0" coveredconditionals="0" statements="2" coveredstatements="2" elements="3" coveredelements="3"/>
      </file>
      <file name="C:\xampp\htdocs\seeren-dev-master\router\src/Exception/RouterException.php">
        <class name="RouterException" namespace="Seeren\Router\Exception" fullPackage="Router.Exception" category="Seeren" package="Router" subpackage="Exception">
          <metrics complexity="1" methods="1" coveredmethods="1" conditionals="0" coveredconditionals="0" statements="2" coveredstatements="2" elements="3" coveredelements="3"/>
        </class>
        <line num="38" type="method" name="__construct" visibility="public" complexity="1" crap="1" count="2"/>
        <line num="43" type="stmt" count="2"/>
        <line num="44" type="stmt" count="2"/>
        <metrics loc="46" ncloc="19" classes="1" methods="1" coveredmethods="1" conditionals="0" coveredconditionals="0" statements="2" coveredstatements="2" elements="3" coveredelements="3"/>
      </file>
    </package>
    <package name="Seeren\Router\Factory">
      <file name="C:\xampp\htdocs\seeren-dev-master\router\src/Factory/RouteFactory.php">
        <class name="RouteFactory" namespace="Seeren\Router\Factory" fullPackage="Router.Factory" category="Seeren" package="Router" subpackage="Factory">
          <metrics complexity="3" methods="2" coveredmethods="2" conditionals="0" coveredconditionals="0" statements="11" coveredstatements="11" elements="13" coveredelements="13"/>
        </class>
        <line num="43" type="method" name="__construct" visibility="public" complexity="1" crap="1" count="12"/>
        <line num="45" type="stmt" count="12"/>
        <line num="46" type="stmt" count="12"/>
        <line num="60" type="method" name="create" visibility="public" complexity="2" crap="2" count="9"/>
        <line num="68" type="stmt" count="9"/>
        <line num="69" type="stmt" count="9"/>
        <line num="70" type="stmt" count="9"/>
        <line num="71" type="stmt" count="7"/>
        <line num="72" type="stmt" count="7"/>
        <line num="73" type="stmt" count="7"/>
        <line num="74" type="stmt" count="2"/>
        <line num="75" type="stmt" count="2"/>
        <line num="76" type="stmt" count="2"/>
        <metrics loc="80" ncloc="40" classes="1" methods="2" coveredmethods="2" conditionals="0" coveredconditionals="0" statements="11" coveredstatements="11" elements="13" coveredelements="13"/>
      </file>
    </package>
    <file name="C:\xampp\htdocs\seeren-dev-master\router\src/Factory/RouteFactoryInterface.php">
      <metrics loc="49" ncloc="18" classes="0" methods="0" coveredmethods="0" conditionals="0" coveredconditionals="0" statements="0" coveredstatements="0" elements="0" coveredelements="0"/>
    </file>
    <package name="Seeren\Router\Matcher">
      <file name="C:\xampp\htdocs\seeren-dev-master\router\src/Matcher/Matcher.php">
        <class name="Matcher" namespace="Seeren\Router\Matcher" fullPackage="Router.Matcher" category="Essentiel" package="Router" subpackage="Matcher">
          <metrics complexity="12" methods="4" coveredmethods="4" conditionals="0" coveredconditionals="0" statements="27" coveredstatements="27" elements="31" coveredelements="31"/>
        </class>
        <line num="37" type="method" name="__construct" visibility="public" complexity="1" crap="1" count="13"/>
        <line num="39" type="stmt" count="13"/>
        <line num="48" type="method" name="match" visibility="public" complexity="3" crap="3" count="4"/>
        <line num="52" type="stmt" count="4"/>
        <line num="53" type="stmt" count="4"/>
        <line num="54" type="stmt" count="4"/>
        <line num="55" type="stmt" count="4"/>
        <line num="57" type="stmt" count="1"/>
        <line num="67" type="method" name="matchAction" visibility="private" complexity="2" crap="2" count="5"/>
        <line num="71" type="stmt" count="5"/>
        <line num="72" type="stmt" count="5"/>
        <line num="73" type="stmt" count="5"/>
        <line num="74" type="stmt" count="1"/>
        <line num="75" type="stmt" count="5"/>
        <line num="76" type="stmt" count="5"/>
        <line num="86" type="method" name="matchPath" visibility="private" complexity="6" crap="6" count="5"/>
        <line num="90" type="stmt" count="5"/>
        <line num="91" type="stmt" count="5"/>
        <line num="92" type="stmt" count="5"/>
        <line num="93" type="stmt" count="2"/>
        <line num="95" type="stmt" count="5"/>
        <line num="96" type="stmt" count="5"/>
        <line num="97" type="stmt" count="5"/>
        <line num="99" type="stmt" count="5"/>
        <line num="100" type="stmt" count="5"/>
        <line num="101" type="stmt" count="5"/>
        <line num="102" type="stmt" count="5"/>
        <line num="103" type="stmt" count="5"/>
        <line num="104" type="stmt" count="1"/>
        <line num="106" type="stmt" count="5"/>
        <line num="108" type="stmt" count="5"/>
        <metrics loc="111" ncloc="66" classes="1" methods="4" coveredmethods="4" conditionals="0" coveredconditionals="0" statements="27" coveredstatements="27" elements="31" coveredelements="31"/>
      </file>
    </package>
    <file name="C:\xampp\htdocs\seeren-dev-master\router\src/Matcher/MatcherInterface.php">
      <metrics loc="42" ncloc="16" classes="0" methods="0" coveredmethods="0" conditionals="0" coveredconditionals="0" statements="0" coveredstatements="0" elements="0" coveredelements="0"/>
    </file>
    <package name="Seeren\Router\Route">
      <file name="C:\xampp\htdocs\seeren-dev-master\router\src/Route/Route.php">
        <class name="Route" namespace="Seeren\Router\Route" fullPackage="Router.Route" category="Seeren" package="Router" subpackage="Route">
          <metrics complexity="16" methods="13" coveredmethods="13" conditionals="0" coveredconditionals="0" statements="37" coveredstatements="37" elements="50" coveredelements="50"/>
        </class>
        <line num="57" type="method" name="__construct" visibility="public" complexity="1" crap="1" count="25"/>
        <line num="59" type="stmt" count="25"/>
        <line num="60" type="stmt" count="25"/>
        <line num="61" type="stmt" count="25"/>
        <line num="69" type="method" name="anonymousFunction:69#114" visibility="public" complexity="1" crap="1" count="10"/>
        <line num="71" type="stmt" count="10"/>
        <line num="79" type="method" name="getAction" visibility="public" complexity="1" crap="1" count="6"/>
        <line num="81" type="stmt" count="6"/>
        <line num="90" type="method" name="setAction" visibility="public" complexity="1" crap="1" count="13"/>
        <line num="92" type="stmt" count="13"/>
        <line num="93" type="stmt" count="13"/>
        <line num="101" type="method" name="getPrefix" visibility="public" complexity="1" crap="1" count="1"/>
        <line num="103" type="stmt" count="1"/>
        <line num="114" type="method" name="setPrefix" visibility="public" complexity="2" crap="2" count="12"/>
        <line num="116" type="stmt" count="12"/>
        <line num="117" type="stmt" count="12"/>
        <line num="119" type="stmt" count="3"/>
        <line num="120" type="stmt" count="3"/>
        <line num="122" type="stmt" count="9"/>
        <line num="123" type="stmt" count="9"/>
        <line num="131" type="method" name="getController" visibility="public" complexity="1" crap="1" count="1"/>
        <line num="133" type="stmt" count="1"/>
        <line num="144" type="method" name="setController" visibility="public" complexity="2" crap="2" count="10"/>
        <line num="146" type="stmt" count="10"/>
        <line num="147" type="stmt" count="10"/>
        <line num="149" type="stmt" count="1"/>
        <line num="151" type="stmt" count="1"/>
        <line num="153" type="stmt" count="9"/>
        <line num="154" type="stmt" count="9"/>
        <line num="162" type="method" name="getParam" visibility="public" complexity="1" crap="1" count="6"/>
        <line num="164" type="stmt" count="6"/>
        <line num="173" type="method" name="setParam" visibility="public" complexity="1" crap="1" count="11"/>
        <line num="175" type="stmt" count="11"/>
        <line num="176" type="stmt" count="11"/>
        <line num="184" type="method" name="getPath" visibility="public" complexity="1" crap="1" count="6"/>
        <line num="186" type="stmt" count="6"/>
        <line num="197" type="method" name="setPath" visibility="public" complexity="2" crap="2" count="12"/>
        <line num="199" type="stmt" count="12"/>
        <line num="200" type="stmt" count="1"/>
        <line num="201" type="stmt" count="1"/>
        <line num="204" type="stmt" count="11"/>
        <line num="205" type="stmt" count="11"/>
        <line num="213" type="method" name="__toString" visibility="public" complexity="1" crap="1" count="3"/>
        <line num="215" type="stmt" count="3"/>
        <line num="216" type="stmt" count="3"/>
        <line num="217" type="stmt" count="3"/>
        <line num="218" type="stmt" count="3"/>
        <line num="219" type="stmt" count="3"/>
        <line num="220" type="stmt" count="3"/>
        <line num="221" type="stmt" count="3"/>
        <metrics loc="224" ncloc="113" classes="1" methods="13" coveredmethods="13" conditionals="0" coveredconditionals="0" statements="37" coveredstatements="37" elements="50" coveredelements="50"/>
      </file>
    </package>
    <file name="C:\xampp\htdocs\seeren-dev-master\router\src/Route/RouteInterface.php">
      <metrics loc="146" ncloc="40" classes="0" methods="0" coveredmethods="0" conditionals="0" coveredconditionals="0" statements="0" coveredstatements="0" elements="0" coveredelements="0"/>
    </file>
    <package name="Seeren\Router">
      <file name="C:\xampp\htdocs\seeren-dev-master\router\src/Router.php">
        <class name="Router" namespace="Seeren\Router" fullPackage="Router" category="Seeren" package="Router">
          <metrics complexity="10" methods="5" coveredmethods="5" conditionals="0" coveredconditionals="0" statements="27" coveredstatements="27" elements="32" coveredelements="32"/>
        </class>
        <line num="59" type="method" name="__construct" visibility="public" complexity="1" crap="1" count="10"/>
        <line num="63" type="stmt" count="10"/>
        <line num="64" type="stmt" count="10"/>
        <line num="65" type="stmt" count="10"/>
        <line num="66" type="stmt" count="10"/>
        <line num="80" type="method" name="create" visibility="public" complexity="2" crap="2" count="7"/>
        <line num="88" type="stmt" count="7"/>
        <line num="94" type="stmt" count="1"/>
        <line num="95" type="stmt" count="1"/>
        <line num="105" type="method" name="add" visibility="public" complexity="1" crap="1" count="5"/>
        <line num="107" type="stmt" count="5"/>
        <line num="108" type="stmt" count="5"/>
        <line num="119" type="method" name="match" visibility="public" complexity="3" crap="3" count="5"/>
        <line num="121" type="stmt" count="5"/>
        <line num="122" type="stmt" count="3"/>
        <line num="123" type="stmt" count="3"/>
        <line num="126" type="stmt" count="2"/>
        <line num="128" type="stmt" count="2"/>
        <line num="129" type="stmt" count="2"/>
        <line num="140" type="method" name="import" visibility="public" complexity="3" crap="3" count="2"/>
        <line num="142" type="stmt" count="2"/>
        <line num="143" type="stmt" count="1"/>
        <line num="144" type="stmt" count="1"/>
        <line num="145" type="stmt" count="1"/>
        <line num="146" type="stmt" count="1"/>
        <line num="147" type="stmt" count="1"/>
        <line num="148" type="stmt" count="1"/>
        <line num="149" type="stmt" count="1"/>
        <line num="150" type="stmt" count="1"/>
        <line num="152" type="stmt" count="1"/>
        <line num="154" type="stmt" count="1"/>
        <line num="155" type="stmt" count="1"/>
        <metrics loc="158" ncloc="87" classes="1" methods="5" coveredmethods="5" conditionals="0" coveredconditionals="0" statements="27" coveredstatements="27" elements="32" coveredelements="32"/>
      </file>
    </package>
    <file name="C:\xampp\htdocs\seeren-dev-master\router\src/RouterInterface.php">
      <metrics loc="60" ncloc="20" classes="0" methods="0" coveredmethods="0" conditionals="0" coveredconditionals="0" statements="0" coveredstatements="0" elements="0" coveredelements="0"/>
    </file>
    <metrics files="12" loc="1089" ncloc="498" classes="7" methods="28" coveredmethods="28" conditionals="0" coveredconditionals="0" statements="117" coveredstatements="117" elements="145" coveredelements="145"/>
  </project>
</coverage>
